[ 2017-12-21T17:18:24+08:00 ] 127.0.0.1 127.0.0.1 GET /
[ log ] licai.com/ [运行时间：0.029002s][吞吐率：34.48req/s] [内存消耗：1,293.66kb] [文件加载：45]
[ info ] [ LANG ] D:\off\file\licai\thinkphp\lang\zh-cn.php
[ info ] [ ROUTE ] array (
  'type' => 'module',
  'module' => 
  array (
    0 => '',
    1 => NULL,
    2 => NULL,
  ),
)
[ info ] [ HEADER ] array (
  'host' => 'licai.com',
  'connection' => 'keep-alive',
  'upgrade-insecure-requests' => '1',
  'user-agent' => 'Mozilla/5.0 (Windows NT 6.1; WOW64) AppleWebKit/537.36 (KHTML, like Gecko) Chrome/62.0.3202.89 Safari/537.36 OPR/49.0.2725.47',
  'accept' => 'text/html,application/xhtml+xml,application/xml;q=0.9,image/webp,image/apng,*/*;q=0.8',
  'accept-encoding' => 'gzip, deflate',
  'accept-language' => 'zh-CN,zh;q=0.9',
)
[ info ] [ PARAM ] array (
)
[ info ] [ LOG ] INIT File

---------------------------------------------------------------
[ 2017-12-21T17:18:30+08:00 ] 127.0.0.1 127.0.0.1 GET /wap
[ log ] licai.com/wap [运行时间：0.097005s][吞吐率：10.31req/s] [内存消耗：2,736.54kb] [文件加载：60]
[ info ] [ LANG ] D:\off\file\licai\thinkphp\lang\zh-cn.php
[ info ] [ ROUTE ] array (
  'type' => 'module',
  'module' => 
  array (
    0 => 'wap',
    1 => NULL,
    2 => NULL,
  ),
)
[ info ] [ HEADER ] array (
  'host' => 'licai.com',
  'connection' => 'keep-alive',
  'upgrade-insecure-requests' => '1',
  'user-agent' => 'Mozilla/5.0 (Windows NT 6.1; WOW64) AppleWebKit/537.36 (KHTML, like Gecko) Chrome/62.0.3202.89 Safari/537.36 OPR/49.0.2725.47',
  'accept' => 'text/html,application/xhtml+xml,application/xml;q=0.9,image/webp,image/apng,*/*;q=0.8',
  'accept-encoding' => 'gzip, deflate',
  'accept-language' => 'zh-CN,zh;q=0.9',
  'cookie' => 'thinkphp_show_page_trace=0|0',
)
[ info ] [ PARAM ] array (
)
[ info ] [ RUN ] app\wap\controller\Index->index[ D:\off\file\licai\application\wap\controller\Index.php ]
[ info ] [ DB ] INIT mysql
[ info ] [ VIEW ] D:\off\file\licai./application/wap\view\index\index.html [ array (
  0 => 'row',
) ]
[ info ] [ LOG ] INIT File
[ sql ] [ DB ] CONNECT:[ UseTime:0.001000s ] mysql:dbname=licai;host=127.0.0.1;charset=utf8
[ sql ] [ SQL ] SHOW COLUMNS FROM `tp_commodity` [ RunTime:0.004001s ]
[ sql ] [ SQL ] SELECT `id`,`com_number`,`name`,`price`,`rate`,`return_price`,`number`,`classify`,`numbers`,`deal_time` FROM `tp_commodity` WHERE  `isdelete` = 0  AND `status` = 1 ORDER BY `classify` [ RunTime:0.002000s ]

---------------------------------------------------------------
[ 2017-12-21T17:19:14+08:00 ] 127.0.0.1 127.0.0.1 GET /wap/order/info/id/28.html
[ log ] licai.com/wap/order/info/id/28.html [运行时间：0.064003s][吞吐率：15.62req/s] [内存消耗：2,787.97kb] [文件加载：60]
[ info ] [ LANG ] D:\off\file\licai\thinkphp\lang\zh-cn.php
[ info ] [ ROUTE ] array (
  'type' => 'module',
  'module' => 
  array (
    0 => 'wap',
    1 => 'order',
    2 => 'info',
  ),
)
[ info ] [ HEADER ] array (
  'host' => 'licai.com',
  'connection' => 'keep-alive',
  'upgrade-insecure-requests' => '1',
  'user-agent' => 'Mozilla/5.0 (Windows NT 6.1; WOW64) AppleWebKit/537.36 (KHTML, like Gecko) Chrome/62.0.3202.89 Safari/537.36 OPR/49.0.2725.47',
  'accept' => 'text/html,application/xhtml+xml,application/xml;q=0.9,image/webp,image/apng,*/*;q=0.8',
  'referer' => 'http://licai.com/wap',
  'accept-encoding' => 'gzip, deflate',
  'accept-language' => 'zh-CN,zh;q=0.9',
  'cookie' => 'thinkphp_show_page_trace=0|0',
)
[ info ] [ PARAM ] array (
  'id' => '28',
)
[ info ] [ RUN ] app\wap\controller\Order->info[ D:\off\file\licai\application\wap\controller\Order.php ]
[ info ] [ DB ] INIT mysql
[ info ] [ VIEW ] D:\off\file\licai./application/wap\view\order\cgsx.html [ array (
  0 => 'arr',
) ]
[ info ] [ SESSION ] INIT array (
  'id' => '',
  'var_session_id' => '',
  'prefix' => 'think',
  'type' => '',
  'auto_start' => true,
)
[ info ] [ LOG ] INIT File
[ sql ] [ DB ] CONNECT:[ UseTime:0.001000s ] mysql:dbname=licai;host=127.0.0.1;charset=utf8
[ sql ] [ SQL ] SHOW COLUMNS FROM `tp_commodity` [ RunTime:0.003001s ]
[ sql ] [ SQL ] SELECT * FROM `tp_commodity` WHERE  `id` = 28 LIMIT 1 [ RunTime:0.000000s ]

---------------------------------------------------------------
